{
    "children": [],
    "name": "Category 1.1.2.1",
    "num": 8,
    "parents": [
        {
            "id": 7,
            "name": "Category 1.1.2"
        },
        {
            "id": 2,
            "name": "Category 1.1"
        },
        {
            "id": 1,
            "name": "Category 1"
        }
    ],
    "siblings": [
        {
            "id": 9,
            "name": "Category 1.1.2.2"
        },
        {
            "id": 10,
            "name": "Category 1.1.2.3"
        }
    ]
}
